#
# A fatal error has been detected by the Java Runtime Environment:
#
#  Internal Error (vmThread.cpp:658), pid=3740, tid=0x0000000000001ea4
#  fatal error: Nested VM operation CollectForMetadataAllocation requested by operation ChangeBreakpoints
#
# JRE version: Java(TM) SE Runtime Environment (8.0_181-b13) (build 1.8.0_181-b13)
# Java VM: Java HotSpot(TM) 64-Bit Server VM (25.181-b13 mixed mode windows-amd64 compressed oops)
# Failed to write core dump. Minidumps are not enabled by default on client versions of Windows
#
# If you would like to submit a bug report, please visit:
#   http://bugreport.java.com/bugreport/crash.jsp
#

---------------  T H R E A D  ---------------

Current thread (0x0000000017bc6800):  VMThread [stack: 0x0000000019890000,0x0000000019990000] [id=7844]

Stack: [0x0000000019890000,0x0000000019990000]
[error occurred during error reporting (printing stack bounds), id 0xc0000005]

Native frames: (J=compiled Java code, j=interpreted, Vv=VM code, C=native code)

VM_Operation (0x000000001a2ff1b0): ChangeBreakpoints, mode: safepoint, requested by thread 0x0000000019b27800


---------------  P R O C E S S  ---------------

Java Threads: ( => current thread )
  0x000000001edd8000 JavaThread "Swing-Shell" daemon [_thread_blocked, id=1880, stack(0x0000000023710000,0x0000000023810000)]
  0x000000001edd5000 JavaThread "TimerQueue" daemon [_thread_blocked, id=2224, stack(0x0000000023610000,0x0000000023710000)]
  0x000000001edd4000 JavaThread "DestroyJavaVM" [_thread_blocked, id=1840, stack(0x0000000002900000,0x0000000002a00000)]
  0x000000001edd3800 JavaThread "Image Fetcher 0" daemon [_thread_blocked, id=5560, stack(0x00000000224c0000,0x00000000225c0000)]
  0x000000001edd6800 JavaThread "AWT-EventQueue-0" [_thread_blocked, id=3248, stack(0x00000000223c0000,0x00000000224c0000)]
  0x000000001edd7000 JavaThread "AWT-Windows" daemon [_thread_blocked, id=528, stack(0x00000000200e0000,0x00000000201e0000)]
  0x000000001edd2000 JavaThread "AWT-Shutdown" [_thread_blocked, id=1548, stack(0x000000001ffe0000,0x00000000200e0000)]
  0x000000001bca3000 JavaThread "Java2D Disposer" daemon [_thread_blocked, id=3960, stack(0x000000001fee0000,0x000000001ffe0000)]
  0x000000001dc2e800 JavaThread "Thread-1" [_thread_in_native, id=3016, stack(0x000000001d5f0000,0x000000001d6f0000)]
  0x000000001a63e000 JavaThread "Service Thread" daemon [_thread_blocked, id=10128, stack(0x000000001b100000,0x000000001b200000)]
  0x000000001a709800 JavaThread "C1 CompilerThread3" daemon [_thread_blocked, id=5280, stack(0x000000001b000000,0x000000001b100000)]
  0x000000001a708800 JavaThread "C2 CompilerThread2" daemon [_thread_blocked, id=2340, stack(0x000000001af00000,0x000000001b000000)]
  0x000000001a686000 JavaThread "C2 CompilerThread1" daemon [_thread_blocked, id=792, stack(0x000000001ae00000,0x000000001af00000)]
  0x000000001a685800 JavaThread "C2 CompilerThread0" daemon [_thread_blocked, id=7172, stack(0x000000001ad00000,0x000000001ae00000)]
  0x0000000019b35800 JavaThread "JDWP Command Reader" daemon [_thread_in_native, id=8008, stack(0x000000001a400000,0x000000001a500000)]
  0x0000000019b34800 JavaThread "JDWP Event Helper Thread" daemon [_thread_blocked, id=8076, stack(0x000000001a300000,0x000000001a400000)]
  0x0000000019b27800 JavaThread "JDWP Transport Listener: dt_socket" daemon [_thread_blocked, id=11588, stack(0x000000001a200000,0x000000001a300000)]
  0x0000000019b1c000 JavaThread "Attach Listener" daemon [_thread_blocked, id=7656, stack(0x000000001a100000,0x000000001a200000)]
  0x0000000019b1b800 JavaThread "Signal Dispatcher" daemon [_thread_blocked, id=9124, stack(0x000000001a000000,0x000000001a100000)]
  0x0000000017bd6800 JavaThread "Finalizer" daemon [_thread_blocked, id=7608, stack(0x0000000019e90000,0x0000000019f90000)]
  0x0000000017bce800 JavaThread "Reference Handler" daemon [_thread_blocked, id=9644, stack(0x0000000019990000,0x0000000019a90000)]

Other Threads:
=>0x0000000017bc6800 VMThread [stack: 0x0000000019890000,0x0000000019990000] [id=7844]
  0x000000001a6bd000 WatcherThread [stack: 0x000000001b200000,0x000000001b300000] [id=3552]

VM state:at safepoint (normal execution)

VM Mutex/Monitor currently owned by a thread:  ([mutex/lock_event])
[0x0000000002a0d820] Threads_lock - owner thread: 0x0000000017bc6800

Heap:
 PSYoungGen      total 37888K, used 12114K [0x00000000d6000000, 0x00000000daa00000, 0x0000000100000000)
  eden space 32768K, 21% used [0x00000000d6000000,0x00000000d66da818,0x00000000d8000000)
  from space 5120K, 99% used [0x00000000d8500000,0x00000000d89fa0b0,0x00000000d8a00000)
  to   space 5120K, 0% used [0x00000000d8000000,0x00000000d8000000,0x00000000d8500000)
 ParOldGen       total 86016K, used 7775K [0x0000000082000000, 0x0000000087400000, 0x00000000d6000000)
  object space 86016K, 9% used [0x0000000082000000,0x0000000082797ca0,0x0000000087400000)
 Metaspace       used 20661K, capacity 21118K, committed 21248K, reserved 1067008K
  class space    used 2708K, capacity 2812K, committed 2816K, reserved 1048576K

Card table byte_map: [0x0000000012020000,0x0000000012420000] byte_map_base: 0x0000000011c10000

Marking Bits: (ParMarkBitMap*) 0x0000000060c72d00
 Begin Bits: [0x0000000012ec0000, 0x0000000014e40000)
 End Bits:   [0x0000000014e40000, 0x0000000016dc0000)

Polling page: 0x00000000007a0000

CodeCache: size=245760Kb used=7438Kb max_used=7476Kb free=238321Kb
 bounds [0x0000000002c60000, 0x00000000033d0000, 0x0000000011c60000]
 total_blobs=2603 nmethods=2039 adapters=483
 compilation: enabled

Compilation events (10 events):
Event: 9.699 Thread 0x000000001a709800 nmethod 2092 0x0000000002d8c310 code [0x0000000002d8c700, 0x0000000002d8eae8]
Event: 9.699 Thread 0x000000001a709800 2094       3       org.apache.xerces.util.XMLChar::isInvalid (13 bytes)
Event: 9.700 Thread 0x000000001a709800 nmethod 2094 0x0000000002d88a50 code [0x0000000002d88bc0, 0x0000000002d88ef0]
Event: 9.700 Thread 0x000000001a709800 2095       3       org.apache.xerces.util.XMLChar::isValid (34 bytes)
Event: 9.700 Thread 0x000000001a709800 nmethod 2095 0x0000000002d8be50 code [0x0000000002d8bfc0, 0x0000000002d8c230]
Event: 9.700 Thread 0x000000001a709800 2093       3       org.apache.xerces.xni.QName::clear (21 bytes)
Event: 9.700 Thread 0x000000001a709800 nmethod 2093 0x0000000002dd61d0 code [0x0000000002dd6320, 0x0000000002dd64d0]
Event: 9.700 Thread 0x000000001a709800 2096       1       org.apache.xerces.dom.TextImpl::getNodeType (2 bytes)
Event: 9.700 Thread 0x000000001a709800 nmethod 2096 0x0000000002dd5f10 code [0x0000000002dd6060, 0x0000000002dd6170]
Event: 9.702 Thread 0x000000001a686000 2097 %     4       org.eclipse.jdt.launching.internal.org.objectweb.asm.ClassReader::readCode @ 71 (5071 bytes)

GC Heap History (4 events):
Event: 0.929 GC heap before
{Heap before GC invocations=1 (full 0):
 PSYoungGen      total 37888K, used 32768K [0x00000000d6000000, 0x00000000d8a00000, 0x0000000100000000)
  eden space 32768K, 100% used [0x00000000d6000000,0x00000000d8000000,0x00000000d8000000)
  from space 5120K, 0% used [0x00000000d8500000,0x00000000d8500000,0x00000000d8a00000)
  to   space 5120K, 0% used [0x00000000d8000000,0x00000000d8000000,0x00000000d8500000)
 ParOldGen       total 86016K, used 0K [0x0000000082000000, 0x0000000087400000, 0x00000000d6000000)
  object space 86016K, 0% used [0x0000000082000000,0x0000000082000000,0x0000000087400000)
 Metaspace       used 8298K, capacity 8470K, committed 8704K, reserved 1056768K
  class space    used 942K, capacity 1011K, committed 1024K, reserved 1048576K
Event: 0.937 GC heap after
Heap after GC invocations=1 (full 0):
 PSYoungGen      total 37888K, used 3432K [0x00000000d6000000, 0x00000000d8a00000, 0x0000000100000000)
  eden space 32768K, 0% used [0x00000000d6000000,0x00000000d6000000,0x00000000d8000000)
  from space 5120K, 67% used [0x00000000d8000000,0x00000000d835a1c0,0x00000000d8500000)
  to   space 5120K, 0% used [0x00000000d8500000,0x00000000d8500000,0x00000000d8a00000)
 ParOldGen       total 86016K, used 8K [0x0000000082000000, 0x0000000087400000, 0x00000000d6000000)
  object space 86016K, 0% used [0x0000000082000000,0x0000000082002000,0x0000000087400000)
 Metaspace       used 8298K, capacity 8470K, committed 8704K, reserved 1056768K
  class space    used 942K, capacity 1011K, committed 1024K, reserved 1048576K
}
Event: 1.811 GC heap before
{Heap before GC invocations=2 (full 0):
 PSYoungGen      total 37888K, used 36200K [0x00000000d6000000, 0x00000000d8a00000, 0x0000000100000000)
  eden space 32768K, 100% used [0x00000000d6000000,0x00000000d8000000,0x00000000d8000000)
  from space 5120K, 67% used [0x00000000d8000000,0x00000000d835a1c0,0x00000000d8500000)
  to   space 5120K, 0% used [0x00000000d8500000,0x00000000d8500000,0x00000000d8a00000)
 ParOldGen       total 86016K, used 8K [0x0000000082000000, 0x0000000087400000, 0x00000000d6000000)
  object space 86016K, 0% used [0x0000000082000000,0x0000000082002000,0x0000000087400000)
 Metaspace       used 18627K, capacity 19064K, committed 19200K, reserved 1067008K
  class space    used 2409K, capacity 2517K, committed 2560K, reserved 1048576K
Event: 1.825 GC heap after
Heap after GC invocations=2 (full 0):
 PSYoungGen      total 37888K, used 5096K [0x00000000d6000000, 0x00000000daa00000, 0x0000000100000000)
  eden space 32768K, 0% used [0x00000000d6000000,0x00000000d6000000,0x00000000d8000000)
  from space 5120K, 99% used [0x00000000d8500000,0x00000000d89fa0b0,0x00000000d8a00000)
  to   space 5120K, 0% used [0x00000000d8000000,0x00000000d8000000,0x00000000d8500000)
 ParOldGen       total 86016K, used 7775K [0x0000000082000000, 0x0000000087400000, 0x00000000d6000000)
  object space 86016K, 9% used [0x0000000082000000,0x0000000082797ca0,0x0000000087400000)
 Metaspace       used 18627K, capacity 19064K, committed 19200K, reserved 1067008K
  class space    used 2409K, capacity 2517K, committed 2560K, reserved 1048576K
}

Deoptimization events (10 events):
Event: 4.790 Thread 0x000000001edd6800 Uncommon trap: reason=bimorphic action=maybe_recompile pc=0x00000000032108ac method=javax.swing.UIDefaults.getFromHashtable(Ljava/lang/Object;)Ljava/lang/Object; @ 126
Event: 4.793 Thread 0x000000001edd6800 Uncommon trap: reason=bimorphic action=maybe_recompile pc=0x0000000003209e30 method=javax.swing.UIDefaults.getFromHashtable(Ljava/lang/Object;)Ljava/lang/Object; @ 126
Event: 4.847 Thread 0x000000001edd6800 Uncommon trap: reason=unstable_if action=reinterpret pc=0x00000000030aae9c method=java.io.WinNTFileSystem.normalize(Ljava/lang/String;)Ljava/lang/String; @ 128
Event: 4.898 Thread 0x000000001edd6800 Uncommon trap: reason=class_check action=maybe_recompile pc=0x00000000032208bc method=java.lang.Character.toLowerCase(I)I @ 5
Event: 4.899 Thread 0x000000001edd6800 Uncommon trap: reason=class_check action=maybe_recompile pc=0x00000000032208bc method=java.lang.Character.toLowerCase(I)I @ 5
Event: 4.899 Thread 0x000000001edd6800 Uncommon trap: reason=class_check action=maybe_recompile pc=0x00000000032208bc method=java.lang.Character.toLowerCase(I)I @ 5
Event: 4.899 Thread 0x000000001edd6800 Uncommon trap: reason=class_check action=maybe_recompile pc=0x00000000032208bc method=java.lang.Character.toLowerCase(I)I @ 5
Event: 4.899 Thread 0x000000001edd6800 Uncommon trap: reason=class_check action=maybe_recompile pc=0x0000000003220e6c method=java.lang.Character.toLowerCase(I)I @ 5
Event: 5.038 Thread 0x000000001edd6800 Uncommon trap: reason=unstable_if action=reinterpret pc=0x000000000304a068 method=java.util.Hashtable.get(Ljava/lang/Object;)Ljava/lang/Object; @ 48
Event: 5.038 Thread 0x000000001edd6800 Uncommon trap: reason=unstable_if action=reinterpret pc=0x00000000031a1c6c method=java.util.Hashtable.put(Ljava/lang/Object;Ljava/lang/Object;)Ljava/lang/Object; @ 63

Classes redefined (0 events):
No events

Internal exceptions (10 events):
Event: 0.629 Thread 0x0000000002a18000 Exception <a 'java/security/PrivilegedActionException'> (0x00000000d6af5760) thrown at [C:\re\workspace\8-2-build-windows-amd64-cygwin\jdk8u181\11358\hotspot\src\share\vm\prims\jvm.cpp, line 1435]
Event: 0.629 Thread 0x0000000002a18000 Exception <a 'java/security/PrivilegedActionException'> (0x00000000d6af5970) thrown at [C:\re\workspace\8-2-build-windows-amd64-cygwin\jdk8u181\11358\hotspot\src\share\vm\prims\jvm.cpp, line 1435]
Event: 0.912 Thread 0x0000000002a18000 Exception <a 'java/lang/NoSuchFieldError': method resolution failed> (0x00000000d7fa84f0) thrown at [C:\re\workspace\8-2-build-windows-amd64-cygwin\jdk8u181\11358\hotspot\src\share\vm\prims\methodHandles.cpp, line 1167]
Event: 0.917 Thread 0x0000000002a18000 Exception <a 'java/lang/NoSuchFieldError': method resolution failed> (0x00000000d7fb60b0) thrown at [C:\re\workspace\8-2-build-windows-amd64-cygwin\jdk8u181\11358\hotspot\src\share\vm\prims\methodHandles.cpp, line 1167]
Event: 0.993 Thread 0x0000000002a18000 Exception <a 'java/io/FileNotFoundException'> (0x00000000d620cb40) thrown at [C:\re\workspace\8-2-build-windows-amd64-cygwin\jdk8u181\11358\hotspot\src\share\vm\prims\jni.cpp, line 709]
Event: 1.017 Thread 0x0000000002a18000 Exception <a 'java/io/FileNotFoundException'> (0x00000000d62c4cc8) thrown at [C:\re\workspace\8-2-build-windows-amd64-cygwin\jdk8u181\11358\hotspot\src\share\vm\prims\jni.cpp, line 709]
Event: 1.057 Thread 0x0000000002a18000 Implicit null exception at 0x0000000002f66419 to 0x0000000002f668d5
Event: 1.058 Thread 0x0000000002a18000 Implicit null exception at 0x0000000002ef0396 to 0x0000000002ef083d
Event: 1.295 Thread 0x0000000002a18000 Exception <a 'java/io/FileNotFoundException'> (0x00000000d6ce7b18) thrown at [C:\re\workspace\8-2-build-windows-amd64-cygwin\jdk8u181\11358\hotspot\src\share\vm\prims\jni.cpp, line 709]
Event: 1.295 Thread 0x0000000002a18000 Exception <a 'java/lang/NullPointerException'> (0x00000000d6ce8150) thrown at [C:\re\workspace\8-2-build-windows-amd64-cygwin\jdk8u181\11358\hotspot\src\share\vm\interpreter\linkResolver.cpp, line 1185]

Events (10 events):
Event: 9.726 Executing VM operation: ChangeBreakpoints done
Event: 9.729 Executing VM operation: ChangeBreakpoints
Event: 9.730 Executing VM operation: ChangeBreakpoints done
Event: 9.731 Executing VM operation: ChangeBreakpoints
Event: 9.732 Executing VM operation: ChangeBreakpoints done
Event: 9.734 Executing VM operation: ChangeBreakpoints
Event: 9.735 Executing VM operation: ChangeBreakpoints done
Event: 9.737 Executing VM operation: ChangeBreakpoints
Event: 9.737 Executing VM operation: ChangeBreakpoints done
Event: 9.737 Executing VM operation: ChangeBreakpoints


Dynamic libraries:
0x00007ff739d20000 - 0x00007ff739d57000 	D:\Java\jre1.8.0_181\bin\javaw.exe
0x00007ffb0eda0000 - 0x00007ffb0ef81000 	C:\windows\SYSTEM32\ntdll.dll
0x00007ffb0c240000 - 0x00007ffb0c2f2000 	C:\windows\System32\KERNEL32.DLL
0x00007ffb0bb40000 - 0x00007ffb0bdb3000 	C:\windows\System32\KERNELBASE.dll
0x00007ffb0dc10000 - 0x00007ffb0dcb1000 	C:\windows\System32\ADVAPI32.dll
0x00007ffb0dd40000 - 0x00007ffb0ddde000 	C:\windows\System32\msvcrt.dll
0x00007ffb0c300000 - 0x00007ffb0c35b000 	C:\windows\System32\sechost.dll
0x00007ffb0eba0000 - 0x00007ffb0ecc4000 	C:\windows\System32\RPCRT4.dll
0x00007ffb0e3f0000 - 0x00007ffb0e580000 	C:\windows\System32\USER32.dll
0x00007ffb0bfc0000 - 0x00007ffb0bfe0000 	C:\windows\System32\win32u.dll
0x00007ffb0e2f0000 - 0x00007ffb0e318000 	C:\windows\System32\GDI32.dll
0x00007ffb0b290000 - 0x00007ffb0b422000 	C:\windows\System32\gdi32full.dll
0x00007ffb0b1f0000 - 0x00007ffb0b28f000 	C:\windows\System32\msvcp_win.dll
0x00007ffb0bec0000 - 0x00007ffb0bfba000 	C:\windows\System32\ucrtbase.dll
0x00007ffaff910000 - 0x00007ffaffb79000 	C:\windows\WinSxS\amd64_microsoft.windows.common-controls_6595b64144ccf1df_6.0.17134.376_none_fb439a3730647da2\COMCTL32.dll
0x00007ffb0e5d0000 - 0x00007ffb0e8f3000 	C:\windows\System32\combase.dll
0x00007ffb0b170000 - 0x00007ffb0b1ea000 	C:\windows\System32\bcryptPrimitives.dll
0x00007ffb0e580000 - 0x00007ffb0e5ad000 	C:\windows\System32\IMM32.DLL
0x0000000060370000 - 0x0000000060442000 	D:\Java\jre1.8.0_181\bin\msvcr100.dll
0x0000000060450000 - 0x0000000060cf2000 	D:\Java\jre1.8.0_181\bin\server\jvm.dll
0x00007ffb0e2e0000 - 0x00007ffb0e2e8000 	C:\windows\System32\PSAPI.DLL
0x00007ffb071a0000 - 0x00007ffb071a9000 	C:\windows\SYSTEM32\WSOCK32.dll
0x00007ffb02f90000 - 0x00007ffb02f9a000 	C:\windows\SYSTEM32\VERSION.dll
0x00007ffb070a0000 - 0x00007ffb070c3000 	C:\windows\SYSTEM32\WINMM.dll
0x00007ffb0e900000 - 0x00007ffb0e96c000 	C:\windows\System32\WS2_32.dll
0x00007ffb06ff0000 - 0x00007ffb0701a000 	C:\windows\SYSTEM32\WINMMBASE.dll
0x00007ffb0bdc0000 - 0x00007ffb0be09000 	C:\windows\System32\cfgmgr32.dll
0x0000000060360000 - 0x000000006036f000 	D:\Java\jre1.8.0_181\bin\verify.dll
0x0000000060330000 - 0x0000000060359000 	D:\Java\jre1.8.0_181\bin\java.dll
0x000000005f800000 - 0x000000005f835000 	D:\Java\jre1.8.0_181\bin\jdwp.dll
0x000000005f7f0000 - 0x000000005f7f8000 	D:\Java\jre1.8.0_181\bin\npt.dll
0x000000005f7c0000 - 0x000000005f7e3000 	D:\Java\jre1.8.0_181\bin\instrument.dll
0x0000000060310000 - 0x0000000060326000 	D:\Java\jre1.8.0_181\bin\zip.dll
0x00007ffb0c500000 - 0x00007ffb0d93f000 	C:\windows\System32\SHELL32.dll
0x00007ffb0dde0000 - 0x00007ffb0de89000 	C:\windows\System32\shcore.dll
0x00007ffb0b430000 - 0x00007ffb0bb3d000 	C:\windows\System32\windows.storage.dll
0x00007ffb0dbb0000 - 0x00007ffb0dc01000 	C:\windows\System32\shlwapi.dll
0x00007ffb0b130000 - 0x00007ffb0b141000 	C:\windows\System32\kernel.appcore.dll
0x00007ffb0b110000 - 0x00007ffb0b12f000 	C:\windows\System32\profapi.dll
0x00007ffb0b0c0000 - 0x00007ffb0b10c000 	C:\windows\System32\powrprof.dll
0x00007ffb0b0b0000 - 0x00007ffb0b0ba000 	C:\windows\System32\FLTLIB.DLL
0x000000005f7b0000 - 0x000000005f7b9000 	D:\Java\jre1.8.0_181\bin\dt_socket.dll
0x00007ffafa6d0000 - 0x00007ffafa6e6000 	C:\windows\system32\napinsp.dll
0x00007ffaef0a0000 - 0x00007ffaef0ba000 	C:\windows\system32\pnrpnsp.dll
0x00007ffb07b20000 - 0x00007ffb07b39000 	C:\windows\system32\NLAapi.dll
0x00007ffb0a930000 - 0x00007ffb0a996000 	C:\windows\System32\mswsock.dll
0x00007ffb0a6f0000 - 0x00007ffb0a7ae000 	C:\windows\SYSTEM32\DNSAPI.dll
0x00007ffb0c230000 - 0x00007ffb0c238000 	C:\windows\System32\NSI.dll
0x00007ffb0a6b0000 - 0x00007ffb0a6e8000 	C:\windows\SYSTEM32\IPHLPAPI.DLL
0x00007ffafc5d0000 - 0x00007ffafc5de000 	C:\windows\System32\winrnr.dll
0x00007ffb04fa0000 - 0x00007ffb04fb5000 	C:\windows\System32\wshbth.dll
0x00007ffafcfb0000 - 0x00007ffafd022000 	C:\windows\System32\fwpuclnt.dll
0x00007ffb0ac10000 - 0x00007ffb0ac35000 	C:\windows\SYSTEM32\bcrypt.dll
0x00007ffafd0f0000 - 0x00007ffafd0fa000 	C:\Windows\System32\rasadhlp.dll
0x00000000602f0000 - 0x000000006030a000 	D:\Java\jre1.8.0_181\bin\net.dll
0x000000005f610000 - 0x000000005f7a9000 	D:\Java\jre1.8.0_181\bin\awt.dll
0x00007ffb0e970000 - 0x00007ffb0ea32000 	C:\windows\System32\OLEAUT32.dll
0x00007ffb09410000 - 0x00007ffb0949b000 	C:\windows\SYSTEM32\apphelp.dll
0x00007ffb09820000 - 0x00007ffb09849000 	C:\windows\system32\DWMAPI.DLL
0x00007ffb09540000 - 0x00007ffb095d8000 	C:\windows\system32\uxtheme.dll
0x00007ffafac70000 - 0x00007ffafad90000 	C:\windows\system32\opengl32.dll
0x00007ffafc5e0000 - 0x00007ffafc60c000 	C:\windows\SYSTEM32\GLU32.dll
0x00007ffb0d940000 - 0x00007ffb0dab3000 	C:\windows\System32\MSCTF.dll
0x00007ffb0ea40000 - 0x00007ffb0eb91000 	C:\windows\System32\ole32.dll
0x000000005f600000 - 0x000000005f60c000 	D:\Java\jre1.8.0_181\bin\jsound.dll
0x000000005f5f0000 - 0x000000005f5fb000 	D:\Java\jre1.8.0_181\bin\jsoundds.dll
0x00007ffad5410000 - 0x00007ffad549f000 	C:\windows\SYSTEM32\DSOUND.dll
0x00007ffaff0c0000 - 0x00007ffaff136000 	C:\windows\SYSTEM32\MMDevAPI.DLL
0x00007ffb0aec0000 - 0x00007ffb0aee7000 	C:\windows\SYSTEM32\DEVOBJ.dll
0x00007ffb08ab0000 - 0x00007ffb08c64000 	C:\windows\SYSTEM32\PROPSYS.dll
0x00007ffb00eb0000 - 0x00007ffb00ef4000 	C:\windows\SYSTEM32\wdmaud.drv
0x00007ffb068d0000 - 0x00007ffb068da000 	C:\windows\SYSTEM32\AVRT.dll
0x00007ffb07210000 - 0x00007ffb07219000 	C:\windows\SYSTEM32\ksuser.dll
0x00007ffae8740000 - 0x00007ffae886c000 	C:\windows\SYSTEM32\AUDIOSES.DLL
0x00007ffb075d0000 - 0x00007ffb0771d000 	C:\windows\SYSTEM32\wintypes.dll
0x00007ffb07c50000 - 0x00007ffb07c5d000 	C:\windows\SYSTEM32\msacm32.drv
0x00007ffb07b80000 - 0x00007ffb07b9c000 	C:\windows\SYSTEM32\MSACM32.dll
0x00007ffb07b70000 - 0x00007ffb07b7a000 	C:\windows\SYSTEM32\midimap.dll
0x00007ffb0ecd0000 - 0x00007ffb0ed70000 	C:\windows\System32\clbcatq.dll
0x000000005f5a0000 - 0x000000005f5e7000 	D:\Java\jre1.8.0_181\bin\fontmanager.dll
0x00000000602d0000 - 0x00000000602e1000 	D:\Java\jre1.8.0_181\bin\nio.dll
0x000000005f550000 - 0x000000005f592000 	D:\Java\jre1.8.0_181\bin\t2k.dll
0x00007ffb056d0000 - 0x00007ffb0587e000 	C:\windows\SYSTEM32\WindowsCodecs.dll
0x00007ffaf59f0000 - 0x00007ffaf5a48000 	C:\windows\system32\dataexchange.dll
0x00007ffb08c80000 - 0x00007ffb08e1c000 	C:\windows\system32\dcomp.dll
0x00007ffb07c80000 - 0x00007ffb07f8b000 	C:\windows\system32\d3d11.dll
0x00007ffb09e70000 - 0x00007ffb09f2b000 	C:\windows\system32\dxgi.dll
0x00007ffb09930000 - 0x00007ffb09ae8000 	C:\windows\system32\twinapi.appcore.dll
0x00007ffb09900000 - 0x00007ffb09921000 	C:\windows\system32\RMCLIENT.dll
0x00007ffafad90000 - 0x00007ffafae26000 	C:\windows\System32\TextInputFramework.dll
0x00007ffb05140000 - 0x00007ffb0545e000 	C:\windows\System32\CoreUIComponents.dll
0x00007ffb09210000 - 0x00007ffb092ea000 	C:\windows\System32\CoreMessaging.dll
0x00007ffb0a1a0000 - 0x00007ffb0a1d1000 	C:\windows\SYSTEM32\ntmarta.dll
0x00007ffb00580000 - 0x00007ffb00627000 	C:\windows\WinSxS\amd64_microsoft.windows.common-controls_6595b64144ccf1df_5.82.17134.376_none_f9552fd530932a6f\comctl32.dll
0x00007ffaf1b70000 - 0x00007ffaf1c97000 	C:\windows\system32\NetworkExplorer.dll
0x00007ffb043e0000 - 0x00007ffb04a7b000 	C:\Windows\System32\OneCoreUAPCommonProxyStub.dll
0x00007ffafe6f0000 - 0x00007ffafe70a000 	C:\windows\SYSTEM32\MPR.dll
0x00007ffafa4e0000 - 0x00007ffafa4eb000 	C:\windows\System32\drprov.dll
0x00007ffb0a240000 - 0x00007ffb0a296000 	C:\windows\System32\WINSTA.dll
0x00007ffaf3b90000 - 0x00007ffaf3ba6000 	C:\windows\System32\ntlanman.dll
0x00007ffaf3970000 - 0x00007ffaf398d000 	C:\windows\System32\davclnt.dll
0x00007ffaf5990000 - 0x00007ffaf599c000 	C:\windows\System32\DAVHLPR.dll
0x00007ffb06860000 - 0x00007ffb06877000 	C:\windows\System32\wkscli.dll
0x00007ffae8ec0000 - 0x00007ffae8ed2000 	C:\windows\SYSTEM32\cscapi.dll
0x00007ffb0a7b0000 - 0x00007ffb0a7be000 	C:\windows\System32\netutils.dll
0x00007ffaf4eb0000 - 0x00007ffaf4efa000 	C:\Windows\System32\dlnashext.dll
0x00007ffaf7ef0000 - 0x00007ffaf7f53000 	C:\Windows\System32\PlayToDevice.dll
0x00007ffad5070000 - 0x00007ffad508e000 	C:\Windows\System32\DevDispItemProvider.dll
0x00007ffab7350000 - 0x00007ffab7531000 	C:\windows\system32\wpdshext.dll
0x00007ffb00630000 - 0x00007ffb007ca000 	C:\windows\WinSxS\amd64_microsoft.windows.gdiplus_6595b64144ccf1df_1.1.17134.376_none_2c2e8d1c8af6f770\gdiplus.dll
0x00007ffb06750000 - 0x00007ffb067ec000 	C:\Windows\System32\PortableDeviceApi.dll
0x00007ffb0de90000 - 0x00007ffb0e2db000 	C:\windows\System32\SETUPAPI.dll
0x00007ffb0c1d0000 - 0x00007ffb0c227000 	C:\windows\System32\WINTRUST.dll
0x00007ffb0b150000 - 0x00007ffb0b162000 	C:\windows\System32\MSASN1.dll
0x00007ffb0bfe0000 - 0x00007ffb0c1c2000 	C:\windows\System32\CRYPT32.dll
0x00007ffae52e0000 - 0x00007ffae5317000 	C:\Windows\System32\EhStorShell.dll
0x00007ffb069f0000 - 0x00007ffb06a15000 	C:\Windows\System32\EhStorAPI.dll
0x00007ffb068b0000 - 0x00007ffb068c3000 	C:\Windows\System32\WTSAPI32.dll
0x00007ffae8880000 - 0x00007ffae888d000 	C:\windows\SYSTEM32\LINKINFO.dll

VM Arguments:
jvm_args: -agentlib:jdwp=transport=dt_socket,suspend=y,address=localhost:51799 -javaagent:D:\eclipse\eclipse\configuration\org.eclipse.osgi\237\0\.cp\lib\javaagent-shaded.jar -Dfile.encoding=GBK 
java_command: opendial.DialogueSystem
java_class_path (initial): C:\Users\lenovo\Downloads\opendial-master\build\classes\java\main;C:\Users\lenovo\.gradle\caches\modules-2\files-2.1\org.apache.httpcomponents\httpclient\4.3.6\4c47155e3e6c9a41a28db36680b828ced53b8af4\httpclient-4.3.6.jar;C:\Users\lenovo\.gradle\caches\modules-2\files-2.1\net.java.balloontip\balloontip\1.2.4.1\eb475b60f7270cd8a70e0fc5904d1efbaffc16be\balloontip-1.2.4.1.jar;C:\Users\lenovo\.gradle\caches\modules-2\files-2.1\org.json\org.json\2.0\aa0e3bef5e0c3660a3e69529a3d8b71b4ecd291a\org.json-2.0.jar;C:\Users\lenovo\.gradle\caches\modules-2\files-2.1\org.jfree\jfreechart\1.0.19\ba9ee7dbb2e4c57a6901c79f614ed2dea9cc0e20\jfreechart-1.0.19.jar;C:\Users\lenovo\.gradle\caches\modules-2\files-2.1\net.sf.jung\jung-graph-impl\2.0.1\37e4cbe198ca7ffd2238ebfee8c5d84d6d79e1c2\jung-graph-impl-2.0.1.jar;C:\Users\lenovo\.gradle\caches\modules-2\files-2.1\net.sf.jung\jung-visualization\2.0.1\128430bd695571135c038c86541fc21129416584\jung-visualization-2.0.1.jar;C:\Users\lenovo\.gradle\caches\modules-2\files-2.1\de.dfki.mary\marytts-runtime\5.2-beta2\bfc053b2fd869f2eccd8a1ddd00d7057c605a116\marytts-runtime-5.2-beta2.jar;C:\Users\lenovo\.gradle\caches\modules-2\files-2.1\edu.cmu.sphinx\sphinx4-core\5prealpha-SNAPSHOT\80c487017e392c79972cebeaa3cabe517cb2014c\sphinx4-core-5prealpha-SNAPSHOT.jar;C:\Users\lenovo\.gradle\caches\modules-2\files-2.1\org.apache.commons\commons-math3\3.2\ec2544ab27e110d2d431bdad7d538ed509b21e62\commons-math3-3.2.jar;C:\Users\lenovo\.gradle\caches\modules-2\files-2.1\org.maltparser\maltparser\1.8.1\cd51a51a15381da1eabf733a4f4631c5ee924577\maltparser-1.8.1.jar;C:\Users\lenovo\.gradle\caches\modules-2\files-2.1\edu.stanford.nlp\stanford-corenlp\3.5.2\1d5d0876de963c41ebf39d1d5570972ca7b592b4\stanford-corenlp-3.5.2.jar;C:\Users\lenovo\.gradle\caches\modules-2\files-2.1\net.objecthunter\exp4j\0.4.7\f910cbcc730e5bd5e7699d8c14905c07c6c12d47\exp4j-0.4.7.jar;C:\Users\lenovo\.gradle\caches\modules-2\files-2.1\org.springframework.boot\spring-b
Launcher Type: SUN_STANDARD

Environment Variables:
JAVA_HOME=D:\Java\jdk1.8.0_181
CLASSPATH=.;D:\Java\jdk1.8.0_181\lib\dt.jar;D:\Java\jdk1.8.0_181\lib\tools.jar;
PATH=D:/Java/jre1.8.0_181/bin/server;D:/Java/jre1.8.0_181/bin;D:/Java/jre1.8.0_181/lib/amd64;C:\Program Files (x86)\Common Files\Oracle\Java\javapath;C:\windows\system32;C:\windows;C:\windows\System32\Wbem;C:\windows\System32\WindowsPowerShell\v1.0\;C:\windows\System32\OpenSSH\;D:\Java\jdk1.8.0_181\bin;D:\Java\jdk1.8.0_181\jre\bin;D:\apache-maven-3.5.4\bin;D:\gradle-4.10.2\bin;D:\Anaconda;D:\Anaconda\Scripts;D:\Anaconda\Library\bin;C:\Users\lenovo\AppData\Local\Microsoft\WindowsApps;;C:\Users\lenovo\Desktop;
USERNAME=lenovo
OS=Windows_NT
PROCESSOR_IDENTIFIER=Intel64 Family 6 Model 142 Stepping 10, GenuineIntel



---------------  S Y S T E M  ---------------

OS: Windows 10.0 , 64 bit Build 17134 (10.0.17134.1)

CPU:total 8 (initial active 8) (4 cores per cpu, 2 threads per core) family 6 model 142 stepping 10, cmov, cx8, fxsr, mmx, sse, sse2, sse3, ssse3, sse4.1, sse4.2, popcnt, avx, avx2, aes, clmul, erms, 3dnowpref, lzcnt, ht, tsc, tscinvbit, bmi1, bmi2, adx

Memory: 4k page, physical 8251788k(2766364k free), swap 9562508k(3169164k free)

vm_info: Java HotSpot(TM) 64-Bit Server VM (25.181-b13) for windows-amd64 JRE (1.8.0_181-b13), built on Jul  7 2018 04:01:33 by "java_re" with MS VC++ 10.0 (VS2010)

time: Fri Nov 09 11:57:10 2018
elapsed time: 9 seconds (0d 0h 0m 9s)

